0 info it worked if it ends with ok
1 verbose cli [ '/usr/local/bin/node', '/usr/local/bin/npm', 'start' ]
2 info using npm@4.1.1
3 info using node@v6.9.1
4 verbose run-script [ 'prestart', 'start', 'poststart' ]
5 info lifecycle twoway-client@1.0.0~prestart: twoway-client@1.0.0
6 silly lifecycle twoway-client@1.0.0~prestart: no script for prestart, continuing
7 info lifecycle twoway-client@1.0.0~start: twoway-client@1.0.0
8 verbose lifecycle twoway-client@1.0.0~start: unsafe-perm in lifecycle true
9 verbose lifecycle twoway-client@1.0.0~start: PATH: /usr/local/lib/node_modules/npm/bin/node-gyp-bin:/Users/jkimball/Desktop/Node/two_way/client/node_modules/.bin:/Users/jkimball/anaconda/bin:/Users/jkimball/.rvm/gems/ruby-2.4.0/bin:/Users/jkimball/.rvm/gems/ruby-2.4.0@global/bin:/Users/jkimball/.rvm/rubies/ruby-2.4.0/bin:/usr/local/bin:/usr/bin:/bin:/usr/sbin:/sbin:/usr/local/share/dotnet:/Applications/Server.app/Contents/ServerRoot/usr/bin:/Applications/Server.app/Contents/ServerRoot/usr/sbin:/Library/Frameworks/Mono.framework/Versions/Current/Commands:/opt/local/bin:/opt/local/sbin:/Users/jkimball/apache-maven-3.3.9/bin:/Applications/apache-maven-3.3.9/bin:/usr/local/php5/bin:./node_modules/.bin:/Users/jkimball/.rvm/bin
10 verbose lifecycle twoway-client@1.0.0~start: CWD: /Users/jkimball/Desktop/Node/two_way/client
11 silly lifecycle twoway-client@1.0.0~start: Args: [ '-c',
11 silly lifecycle   'node ./node_modules/webpack-dev-server/bin/webpack-dev-server.js' ]
12 silly lifecycle twoway-client@1.0.0~start: Returned: code: 1  signal: null
13 info lifecycle twoway-client@1.0.0~start: Failed to exec start script
14 verbose stack Error: twoway-client@1.0.0 start: `node ./node_modules/webpack-dev-server/bin/webpack-dev-server.js`
14 verbose stack Exit status 1
14 verbose stack     at EventEmitter.<anonymous> (/usr/local/lib/node_modules/npm/lib/utils/lifecycle.js:279:16)
14 verbose stack     at emitTwo (events.js:106:13)
14 verbose stack     at EventEmitter.emit (events.js:191:7)
14 verbose stack     at ChildProcess.<anonymous> (/usr/local/lib/node_modules/npm/lib/utils/spawn.js:40:14)
14 verbose stack     at emitTwo (events.js:106:13)
14 verbose stack     at ChildProcess.emit (events.js:191:7)
14 verbose stack     at maybeClose (internal/child_process.js:877:16)
14 verbose stack     at Process.ChildProcess._handle.onexit (internal/child_process.js:226:5)
15 verbose pkgid twoway-client@1.0.0
16 verbose cwd /Users/jkimball/Desktop/Node/two_way/client
17 error Darwin 17.3.0
18 error argv "/usr/local/bin/node" "/usr/local/bin/npm" "start"
19 error node v6.9.1
20 error npm  v4.1.1
21 error code ELIFECYCLE
22 error twoway-client@1.0.0 start: `node ./node_modules/webpack-dev-server/bin/webpack-dev-server.js`
22 error Exit status 1
23 error Failed at the twoway-client@1.0.0 start script 'node ./node_modules/webpack-dev-server/bin/webpack-dev-server.js'.
23 error Make sure you have the latest version of node.js and npm installed.
23 error If you do, this is most likely a problem with the twoway-client package,
23 error not with npm itself.
23 error Tell the author that this fails on your system:
23 error     node ./node_modules/webpack-dev-server/bin/webpack-dev-server.js
23 error You can get information on how to open an issue for this project with:
23 error     npm bugs twoway-client
23 error Or if that isn't available, you can get their info via:
23 error     npm owner ls twoway-client
23 error There is likely additional logging output above.
24 verbose exit [ 1, true ]
